[INFO] Scanning for projects...
[INFO] 
[INFO] --< org.apache.camel.quarkus.examples:camel-quarkus-examples-rest-json >--
[INFO] Building Camel Quarkus :: Examples :: Rest Json 3.16.0
[INFO]   from pom.xml
[INFO] --------------------------------[ jar ]---------------------------------
[INFO] 
[INFO] --- formatter:2.24.1:format (format) @ camel-quarkus-examples-rest-json ---
[INFO] Processed 5 files in 290ms (Formatted: 0, Skipped: 5, Unchanged: 0, Failed: 0, Readonly: 0)
[INFO] 
[INFO] --- impsort:1.12.0:sort (sort-imports) @ camel-quarkus-examples-rest-json ---
[INFO] Processed 5 files in 00:00.007 (Already Sorted: 5, Needed Sorting: 0)
[INFO] 
[INFO] --- resources:3.3.1:resources (default-resources) @ camel-quarkus-examples-rest-json ---
[INFO] Copying 3 resources from src/main/resources to target/classes
[INFO] 
[INFO] --- compiler:3.13.0:compile (default-compile) @ camel-quarkus-examples-rest-json ---
[INFO] Nothing to compile - all classes are up to date.
[INFO] 
[INFO] --- resources:3.3.1:testResources (default-testResources) @ camel-quarkus-examples-rest-json ---
[INFO] skip non existing resourceDirectory /Users/mttfranci/workspace/git/fork/camel-quarkus-examples/rest-json/src/test/resources
[INFO] 
[INFO] --- compiler:3.13.0:testCompile (default-testCompile) @ camel-quarkus-examples-rest-json ---
[INFO] Nothing to compile - all classes are up to date.
[INFO] 
[INFO] --- surefire:3.5.1:test (default-test) @ camel-quarkus-examples-rest-json ---
[INFO] Using auto detected provider org.apache.maven.surefire.junitplatform.JUnitPlatformProvider
[INFO] 
[INFO] -------------------------------------------------------
[INFO]  T E S T S
[INFO] -------------------------------------------------------
[INFO] Running org.acme.rest.json.RestJsonTest
2024-11-06 10:44:44,229 INFO  [org.apa.cam.qua.cor.CamelBootstrapRecorder] (main) Apache Camel Quarkus 3.16.0 is starting
2024-11-06 10:44:44,231 INFO  [org.apa.cam.mai.MainSupport] (main) Apache Camel (Main) 4.8.1 is starting
2024-11-06 10:44:44,250 INFO  [org.apa.cam.mai.BaseMainSupport] (main) Auto-configuration summary
2024-11-06 10:44:44,250 INFO  [org.apa.cam.mai.BaseMainSupport] (main)     [MicroProfilePropertiesSource] camel.context.name = quarkus-camel-example-rest-json
2024-11-06 10:44:44,314 INFO  [org.apa.cam.imp.eng.AbstractCamelContext] (main) Apache Camel 4.8.1 (quarkus-camel-example-rest-json) is starting
2024-11-06 10:44:44,378 INFO  [org.apa.cam.imp.eng.AbstractCamelContext] (main) Routes startup (total:3 rest-dsl:3)
2024-11-06 10:44:44,378 INFO  [org.apa.cam.imp.eng.AbstractCamelContext] (main)     Started route1 (rest://get:/fruits)
2024-11-06 10:44:44,378 INFO  [org.apa.cam.imp.eng.AbstractCamelContext] (main)     Started route2 (rest://post:/fruits)
2024-11-06 10:44:44,378 INFO  [org.apa.cam.imp.eng.AbstractCamelContext] (main)     Started route3 (rest://get:/legumes)
2024-11-06 10:44:44,378 INFO  [org.apa.cam.imp.eng.AbstractCamelContext] (main) Apache Camel 4.8.1 (quarkus-camel-example-rest-json) started in 64ms (build:0ms init:0ms start:64ms)
2024-11-06 10:44:44,439 INFO  [io.quarkus] (main) camel-quarkus-examples-rest-json 3.16.0 on JVM (powered by Quarkus 3.16.1) started in 1.376s. Listening on: http://localhost:8081
2024-11-06 10:44:44,440 INFO  [io.quarkus] (main) Profile test activated. 
2024-11-06 10:44:44,440 INFO  [io.quarkus] (main) Installed features: [awt, camel-attachments, camel-core, camel-direct, camel-fop, camel-jackson, camel-platform-http, camel-rest, camel-xml-jaxp, cdi, smallrye-context-propagation, vertx]
[INFO] Tests run: 2, Failures: 0, Errors: 0, Skipped: 0, Time elapsed: 2.649 s -- in org.acme.rest.json.RestJsonTest
2024-11-06 10:44:45,318 INFO  [org.apa.cam.imp.eng.AbstractCamelContext] (main) Apache Camel 4.8.1 (quarkus-camel-example-rest-json) is shutting down (timeout:45s)
2024-11-06 10:44:45,322 INFO  [org.apa.cam.imp.eng.AbstractCamelContext] (main) Routes stopped (total:3 rest-dsl:3)
2024-11-06 10:44:45,323 INFO  [org.apa.cam.imp.eng.AbstractCamelContext] (main)     Stopped route3 (rest://get:/legumes)
2024-11-06 10:44:45,323 INFO  [org.apa.cam.imp.eng.AbstractCamelContext] (main)     Stopped route2 (rest://post:/fruits)
2024-11-06 10:44:45,323 INFO  [org.apa.cam.imp.eng.AbstractCamelContext] (main)     Stopped route1 (rest://get:/fruits)
2024-11-06 10:44:45,324 INFO  [org.apa.cam.imp.eng.AbstractCamelContext] (main) Apache Camel 4.8.1 (quarkus-camel-example-rest-json) shutdown in 5ms (uptime:1s)
2024-11-06 10:44:45,331 INFO  [io.quarkus] (main) camel-quarkus-examples-rest-json stopped in 0.017s
[INFO] 
[INFO] Results:
[INFO] 
[INFO] Tests run: 2, Failures: 0, Errors: 0, Skipped: 0
[INFO] 
[INFO] 
[INFO] --- jar:3.4.2:jar (default-jar) @ camel-quarkus-examples-rest-json ---
[INFO] 
[INFO] --- quarkus:3.16.1:build (build) @ camel-quarkus-examples-rest-json ---
[INFO] [io.quarkus.deployment.pkg.steps.JarResultBuildStep] Building native image source jar: /Users/mttfranci/workspace/git/fork/camel-quarkus-examples/rest-json/target/camel-quarkus-examples-rest-json-3.16.0-native-image-source-jar/camel-quarkus-examples-rest-json-3.16.0-runner.jar
[INFO] [io.quarkus.deployment.pkg.steps.NativeImageBuildStep] Building native image from /Users/mttfranci/workspace/git/fork/camel-quarkus-examples/rest-json/target/camel-quarkus-examples-rest-json-3.16.0-native-image-source-jar/camel-quarkus-examples-rest-json-3.16.0-runner.jar
[INFO] [io.quarkus.deployment.pkg.steps.NativeImageBuildStep] Running Quarkus native-image plugin on GRAALVM 24.1 JDK 23.0.1+11-jvmci-b01
[INFO] [io.quarkus.deployment.pkg.steps.NativeImageBuildRunner] /Users/mttfranci/workspace/runtime/java/graalvm-jdk-23.0.1+11.1/Contents/Home/bin/native-image -J-Djava.util.logging.manager=org.jboss.logmanager.LogManager -J-Dsun.nio.ch.maxUpdateArraySize=100 -J-Dlogging.initial-configurator.min-level=500 -J-Dio.netty.leakDetection.level=DISABLED -J-Dio.netty.allocator.maxOrder=3 -J-Dvertx.logger-delegate-factory-class-name=io.quarkus.vertx.core.runtime.VertxLogDelegateFactory -J-Dvertx.disableDnsResolver=true -J-Duser.language=en -J-Duser.country=IT -J-Dfile.encoding=UTF-8 --features=io.quarkus.awt.runtime.graal.DarwinAwtFeature,io.quarkus.runner.Feature,io.quarkus.runtime.graal.DisableLoggingFeature -J--add-exports=java.security.jgss/sun.security.krb5=ALL-UNNAMED -J--add-exports=java.security.jgss/sun.security.jgss=ALL-UNNAMED -J--add-opens=java.base/java.text=ALL-UNNAMED -J--add-opens=java.base/java.io=ALL-UNNAMED -J--add-opens=java.base/java.lang.invoke=ALL-UNNAMED -J--add-opens=java.base/java.util=ALL-UNNAMED -H:+UnlockExperimentalVMOptions -H:BuildOutputJSONFile=camel-quarkus-examples-rest-json-3.16.0-runner-build-output-stats.json -H:-UnlockExperimentalVMOptions -H:+UnlockExperimentalVMOptions -H:+GenerateBuildArtifactsFile -H:-UnlockExperimentalVMOptions -H:+UnlockExperimentalVMOptions -H:+AllowFoldMethods -H:-UnlockExperimentalVMOptions -J-Djava.awt.headless=true --no-fallback --link-at-build-time -H:+UnlockExperimentalVMOptions -H:+ReportExceptionStackTraces -H:-UnlockExperimentalVMOptions -H:-AddAllCharsets --enable-url-protocols=http --enable-monitoring=heapdump -H:+UnlockExperimentalVMOptions -H:-UseServiceLoaderFeature -H:-UnlockExperimentalVMOptions -J--add-exports=org.graalvm.nativeimage/org.graalvm.nativeimage.impl=ALL-UNNAMED --exclude-config io\.netty\.netty-codec /META-INF/native-image/io\.netty/netty-codec/generated/handlers/reflect-config\.json --exclude-config io\.netty\.netty-handler /META-INF/native-image/io\.netty/netty-handler/generated/handlers/reflect-config\.json camel-quarkus-examples-rest-json-3.16.0-runner -jar camel-quarkus-examples-rest-json-3.16.0-runner.jar
Warning: Option 'DynamicProxyConfigurationResources' is deprecated and might be removed in a future release: This can be caused by a proxy-config.json file in your META-INF directory. Consider including proxy configuration in the reflection section of reachability-metadata.md instead.. Please refer to the GraalVM release notes.
========================================================================================================================
GraalVM Native Image: Generating 'camel-quarkus-examples-rest-json-3.16.0-runner' (executable)...
========================================================================================================================
For detailed information and explanations on the build output, visit:
https://github.com/oracle/graal/blob/master/docs/reference-manual/native-image/BuildOutput.md
------------------------------------------------------------------------------------------------------------------------
[1/8] Initializing...                                                                                   (10.7s @ 0.17GB)
 Java version: 23.0.1+11, vendor version: Oracle GraalVM 23.0.1+11.1
 Graal compiler: optimization level: 2, target machine: armv8-a, PGO: ML-inferred
 C compiler: cc (apple, arm64, 16.0.0)
 Garbage collector: Serial GC (max heap size: 80% of RAM)
 5 user-specific feature(s):
 - com.oracle.svm.thirdparty.gson.GsonFeature
 - io.quarkus.awt.runtime.graal.DarwinAwtFeature
 - io.quarkus.runner.Feature: Auto-generated class by Quarkus from the existing extensions
 - io.quarkus.runtime.graal.DisableLoggingFeature: Disables INFO logging during the analysis phase
 - org.eclipse.angus.activation.nativeimage.AngusActivationFeature
------------------------------------------------------------------------------------------------------------------------
 4 experimental option(s) unlocked:
 - '-H:+AllowFoldMethods' (origin(s): command line)
 - '-H:BuildOutputJSONFile' (origin(s): command line)
 - '-H:-UseServiceLoaderFeature' (origin(s): command line)
 - '-H:+GenerateBuildArtifactsFile' (origin(s): command line)
------------------------------------------------------------------------------------------------------------------------
Build resources:
 - 24.18GB of memory (75.6% of 32.00GB system memory, determined at start)
 - 10 thread(s) (100.0% of 10 available processor(s), determined at start)
10:45:18,900 WARN  [io.net.res.dns.DnsServerAddressStreamProviders] Can not find io.netty.resolver.dns.macos.MacOSDnsServerAddressStreamProvider in the classpath, fallback to system defaults. This may result in incorrect DNS resolutions on MacOS. Check whether you have a dependency on 'io.netty:netty-resolver-dns-native-macos'
[2/8] Performing analysis...  []                                                                        (19.7s @ 1.64GB)
   17,986 reachable types   (82.2% of   21,886 total)
   26,434 reachable fields  (53.4% of   49,540 total)
   94,252 reachable methods (58.4% of  161,457 total)
    5,986 types,    27 fields, and 1,338 methods registered for reflection
        1 native library: -framework CoreServices

Error: Class initialization of org.apache.fop.fonts.cff.CFFDataReader failed. This error is reported at image build time because class org.apache.fop.fonts.cff.CFFDataReader is registered for linking at image build time by command line and command line. Use the option 

    '--initialize-at-run-time=org.apache.fop.fonts.cff.CFFDataReader'

 to explicitly request initialization of this class at run time.
Caused by: java.lang.NoClassDefFoundError: org/apache/fontbox/cff/CFFDataInput
	at java.base/jdk.internal.misc.Unsafe.ensureClassInitialized0(Native Method)
	at java.base/jdk.internal.misc.Unsafe.ensureClassInitialized(Unsafe.java:1161)
	at org.graalvm.nativeimage.builder/com.oracle.svm.hosted.classinitialization.ClassInitializationSupport.ensureClassInitialized(ClassInitializationSupport.java:194)
	at org.graalvm.nativeimage.builder/com.oracle.svm.hosted.classinitialization.ClassInitializationSupport.computeInitKindAndMaybeInitializeClass(ClassInitializationSupport.java:428)
	at org.graalvm.nativeimage.builder/com.oracle.svm.hosted.classinitialization.ClassInitializationSupport.computeInitKindAndMaybeInitializeClass(ClassInitializationSupport.java:366)
	at org.graalvm.nativeimage.builder/com.oracle.svm.hosted.classinitialization.ClassInitializationSupport.maybeInitializeAtBuildTime(ClassInitializationSupport.java:178)
	at org.graalvm.nativeimage.builder/com.oracle.svm.hosted.classinitialization.ClassInitializationSupport.maybeInitializeAtBuildTime(ClassInitializationSupport.java:167)
	at org.graalvm.nativeimage.builder/com.oracle.svm.hosted.SVMHost.isInitialized(SVMHost.java:378)
	at org.graalvm.nativeimage.pointsto/com.oracle.graal.pointsto.meta.AnalysisType.isInitialized(AnalysisType.java:926)
	at jdk.graal.compiler/jdk.graal.compiler.java.BytecodeParser.maybeEagerlyInitialize(BytecodeParser.java:4736)
	at jdk.graal.compiler/jdk.graal.compiler.java.BytecodeParser.genNewInstance(BytecodeParser.java:4939)
	at jdk.graal.compiler/jdk.graal.compiler.java.BytecodeParser.genNewInstance(BytecodeParser.java:4928)
	at jdk.graal.compiler/jdk.graal.compiler.java.BytecodeParser.genNewInstance(BytecodeParser.java:4923)
	at jdk.graal.compiler/jdk.graal.compiler.java.BytecodeParser.processBytecode(BytecodeParser.java:5781)
	at jdk.graal.compiler/jdk.graal.compiler.java.BytecodeParser.iterateBytecodesForBlock(BytecodeParser.java:3737)
	at org.graalvm.nativeimage.builder/com.oracle.svm.hosted.phases.SharedGraphBuilderPhase$SharedBytecodeParser.iterateBytecodesForBlock(SharedGraphBuilderPhase.java:951)
	at jdk.graal.compiler/jdk.graal.compiler.java.BytecodeParser.handleBytecodeBlock(BytecodeParser.java:3697)
	at jdk.graal.compiler/jdk.graal.compiler.java.BytecodeParser.processBlock(BytecodeParser.java:3544)
	at jdk.graal.compiler/jdk.graal.compiler.java.BytecodeParser.build(BytecodeParser.java:1163)
	at org.graalvm.nativeimage.builder/com.oracle.svm.hosted.phases.SharedGraphBuilderPhase$SharedBytecodeParser.build(SharedGraphBuilderPhase.java:205)
	at jdk.graal.compiler/jdk.graal.compiler.java.BytecodeParser.buildRootMethod(BytecodeParser.java:1055)
	at jdk.graal.compiler/jdk.graal.compiler.java.GraphBuilderPhase$Instance.run(GraphBuilderPhase.java:103)
	at org.graalvm.nativeimage.builder/com.oracle.svm.hosted.phases.SharedGraphBuilderPhase.run(SharedGraphBuilderPhase.java:157)
	at jdk.graal.compiler/jdk.graal.compiler.phases.Phase.run(Phase.java:49)
	at jdk.graal.compiler/jdk.graal.compiler.phases.BasePhase.apply(BasePhase.java:468)
	at jdk.graal.compiler/jdk.graal.compiler.phases.Phase.apply(Phase.java:42)
	at jdk.graal.compiler/jdk.graal.compiler.phases.Phase.apply(Phase.java:38)
	at org.graalvm.nativeimage.pointsto/com.oracle.graal.pointsto.flow.AnalysisParsedGraph.parseBytecode(AnalysisParsedGraph.java:144)
	at org.graalvm.nativeimage.pointsto/com.oracle.graal.pointsto.meta.AnalysisMethod.parseGraph(AnalysisMethod.java:916)
	at org.graalvm.nativeimage.pointsto/com.oracle.graal.pointsto.meta.AnalysisMethod.ensureGraphParsedHelper(AnalysisMethod.java:881)
	at org.graalvm.nativeimage.pointsto/com.oracle.graal.pointsto.meta.AnalysisMethod.ensureGraphParsed(AnalysisMethod.java:864)
	at org.graalvm.nativeimage.pointsto/com.oracle.graal.pointsto.flow.MethodTypeFlowBuilder.parse(MethodTypeFlowBuilder.java:191)
	at org.graalvm.nativeimage.pointsto/com.oracle.graal.pointsto.flow.MethodTypeFlowBuilder.apply(MethodTypeFlowBuilder.java:652)
	at org.graalvm.nativeimage.pointsto/com.oracle.graal.pointsto.flow.MethodTypeFlow.createFlowsGraph(MethodTypeFlow.java:167)
	at org.graalvm.nativeimage.pointsto/com.oracle.graal.pointsto.flow.MethodTypeFlow.ensureFlowsGraphCreated(MethodTypeFlow.java:152)
	at org.graalvm.nativeimage.pointsto/com.oracle.graal.pointsto.flow.MethodTypeFlow.getOrCreateMethodFlowsGraphInfo(MethodTypeFlow.java:110)
	at org.graalvm.nativeimage.pointsto/com.oracle.graal.pointsto.typestate.DefaultVirtualInvokeTypeFlow.onObservedUpdate(DefaultVirtualInvokeTypeFlow.java:114)
	at org.graalvm.nativeimage.pointsto/com.oracle.graal.pointsto.flow.TypeFlow.update(TypeFlow.java:628)
	at org.graalvm.nativeimage.pointsto/com.oracle.graal.pointsto.PointsToAnalysis$1.run(PointsToAnalysis.java:575)
	at org.graalvm.nativeimage.pointsto/com.oracle.graal.pointsto.util.CompletionExecutor.executeCommand(CompletionExecutor.java:166)
	at org.graalvm.nativeimage.pointsto/com.oracle.graal.pointsto.util.CompletionExecutor.lambda$executeService$0(CompletionExecutor.java:152)
	at java.base/java.util.concurrent.ForkJoinTask$RunnableExecuteAction.compute(ForkJoinTask.java:1726)
	at java.base/java.util.concurrent.ForkJoinTask$RunnableExecuteAction.compute(ForkJoinTask.java:1717)
	at java.base/java.util.concurrent.ForkJoinTask$InterruptibleTask.exec(ForkJoinTask.java:1641)
	at java.base/java.util.concurrent.ForkJoinTask.doExec(ForkJoinTask.java:507)
	at java.base/java.util.concurrent.ForkJoinPool$WorkQueue.topLevelExec(ForkJoinPool.java:1458)
	at java.base/java.util.concurrent.ForkJoinPool.runWorker(ForkJoinPool.java:2034)
	at java.base/java.util.concurrent.ForkJoinWorkerThread.run(ForkJoinWorkerThread.java:189)
Caused by: java.lang.ClassNotFoundException: org.apache.fontbox.cff.CFFDataInput
	at java.base/jdk.internal.loader.BuiltinClassLoader.loadClass(BuiltinClassLoader.java:641)
	at java.base/jdk.internal.loader.ClassLoaders$AppClassLoader.loadClass(ClassLoaders.java:188)
	at java.base/java.lang.ClassLoader.loadClass(ClassLoader.java:528)
	at org.graalvm.nativeimage.builder/com.oracle.svm.hosted.NativeImageClassLoader.loadClass(NativeImageClassLoader.java:637)
	at java.base/java.lang.ClassLoader.loadClass(ClassLoader.java:528)
	... 48 more
Caused by: java.lang.ClassNotFoundException: org.apache.fontbox.cff.CFFDataInput
	at java.base/jdk.internal.loader.BuiltinClassLoader.loadClass(BuiltinClassLoader.java:641)
	at java.base/jdk.internal.loader.ClassLoaders$AppClassLoader.loadClass(ClassLoaders.java:188)
	at java.base/java.lang.ClassLoader.loadClass(ClassLoader.java:528)
	at org.graalvm.nativeimage.builder/com.oracle.svm.hosted.NativeImageClassLoader.loadClass(NativeImageClassLoader.java:637)
	at java.base/java.lang.ClassLoader.loadClass(ClassLoader.java:528)
	at java.base/jdk.internal.misc.Unsafe.ensureClassInitialized0(Native Method)
	at java.base/jdk.internal.misc.Unsafe.ensureClassInitialized(Unsafe.java:1161)
	at org.graalvm.nativeimage.builder/com.oracle.svm.hosted.classinitialization.ClassInitializationSupport.ensureClassInitialized(ClassInitializationSupport.java:194)
	at org.graalvm.nativeimage.builder/com.oracle.svm.hosted.classinitialization.ClassInitializationSupport.computeInitKindAndMaybeInitializeClass(ClassInitializationSupport.java:428)
	at org.graalvm.nativeimage.builder/com.oracle.svm.hosted.classinitialization.ClassInitializationSupport.computeInitKindAndMaybeInitializeClass(ClassInitializationSupport.java:366)
	at org.graalvm.nativeimage.builder/com.oracle.svm.hosted.classinitialization.ClassInitializationSupport.maybeInitializeAtBuildTime(ClassInitializationSupport.java:178)
	at org.graalvm.nativeimage.builder/com.oracle.svm.hosted.classinitialization.ClassInitializationSupport.maybeInitializeAtBuildTime(ClassInitializationSupport.java:167)
	at org.graalvm.nativeimage.builder/com.oracle.svm.hosted.SVMHost.isInitialized(SVMHost.java:378)
	at org.graalvm.nativeimage.pointsto/com.oracle.graal.pointsto.meta.AnalysisType.isInitialized(AnalysisType.java:926)
	at jdk.graal.compiler/jdk.graal.compiler.java.BytecodeParser.maybeEagerlyInitialize(BytecodeParser.java:4736)
	at jdk.graal.compiler/jdk.graal.compiler.java.BytecodeParser.genNewInstance(BytecodeParser.java:4939)
	at jdk.graal.compiler/jdk.graal.compiler.java.BytecodeParser.genNewInstance(BytecodeParser.java:4928)
	at jdk.graal.compiler/jdk.graal.compiler.java.BytecodeParser.genNewInstance(BytecodeParser.java:4923)
	at jdk.graal.compiler/jdk.graal.compiler.java.BytecodeParser.processBytecode(BytecodeParser.java:5781)
	at jdk.graal.compiler/jdk.graal.compiler.java.BytecodeParser.iterateBytecodesForBlock(BytecodeParser.java:3737)
	at org.graalvm.nativeimage.builder/com.oracle.svm.hosted.phases.SharedGraphBuilderPhase$SharedBytecodeParser.iterateBytecodesForBlock(SharedGraphBuilderPhase.java:951)
	at jdk.graal.compiler/jdk.graal.compiler.java.BytecodeParser.handleBytecodeBlock(BytecodeParser.java:3697)
	at jdk.graal.compiler/jdk.graal.compiler.java.BytecodeParser.processBlock(BytecodeParser.java:3544)
	at jdk.graal.compiler/jdk.graal.compiler.java.BytecodeParser.build(BytecodeParser.java:1163)
	at org.graalvm.nativeimage.builder/com.oracle.svm.hosted.phases.SharedGraphBuilderPhase$SharedBytecodeParser.build(SharedGraphBuilderPhase.java:205)
	at jdk.graal.compiler/jdk.graal.compiler.java.BytecodeParser.buildRootMethod(BytecodeParser.java:1055)
	at jdk.graal.compiler/jdk.graal.compiler.java.GraphBuilderPhase$Instance.run(GraphBuilderPhase.java:103)
	at org.graalvm.nativeimage.builder/com.oracle.svm.hosted.phases.SharedGraphBuilderPhase.run(SharedGraphBuilderPhase.java:157)
	at jdk.graal.compiler/jdk.graal.compiler.phases.Phase.run(Phase.java:49)
	at jdk.graal.compiler/jdk.graal.compiler.phases.BasePhase.apply(BasePhase.java:468)
	at jdk.graal.compiler/jdk.graal.compiler.phases.Phase.apply(Phase.java:42)
	at jdk.graal.compiler/jdk.graal.compiler.phases.Phase.apply(Phase.java:38)
	at org.graalvm.nativeimage.pointsto/com.oracle.graal.pointsto.flow.AnalysisParsedGraph.parseBytecode(AnalysisParsedGraph.java:144)
	at org.graalvm.nativeimage.pointsto/com.oracle.graal.pointsto.meta.AnalysisMethod.parseGraph(AnalysisMethod.java:916)
	at org.graalvm.nativeimage.pointsto/com.oracle.graal.pointsto.meta.AnalysisMethod.ensureGraphParsedHelper(AnalysisMethod.java:881)
	at org.graalvm.nativeimage.pointsto/com.oracle.graal.pointsto.meta.AnalysisMethod.ensureGraphParsed(AnalysisMethod.java:864)
	at org.graalvm.nativeimage.pointsto/com.oracle.graal.pointsto.flow.MethodTypeFlowBuilder.parse(MethodTypeFlowBuilder.java:191)
	at org.graalvm.nativeimage.pointsto/com.oracle.graal.pointsto.flow.MethodTypeFlowBuilder.apply(MethodTypeFlowBuilder.java:652)
	at org.graalvm.nativeimage.pointsto/com.oracle.graal.pointsto.flow.MethodTypeFlow.createFlowsGraph(MethodTypeFlow.java:167)
	at org.graalvm.nativeimage.pointsto/com.oracle.graal.pointsto.flow.MethodTypeFlow.ensureFlowsGraphCreated(MethodTypeFlow.java:152)
	at org.graalvm.nativeimage.pointsto/com.oracle.graal.pointsto.flow.MethodTypeFlow.getOrCreateMethodFlowsGraphInfo(MethodTypeFlow.java:110)
	at org.graalvm.nativeimage.pointsto/com.oracle.graal.pointsto.typestate.DefaultVirtualInvokeTypeFlow.onObservedUpdate(DefaultVirtualInvokeTypeFlow.java:114)
	at org.graalvm.nativeimage.pointsto/com.oracle.graal.pointsto.flow.TypeFlow.update(TypeFlow.java:628)
	at org.graalvm.nativeimage.pointsto/com.oracle.graal.pointsto.PointsToAnalysis$1.run(PointsToAnalysis.java:575)
	at org.graalvm.nativeimage.pointsto/com.oracle.graal.pointsto.util.CompletionExecutor.executeCommand(CompletionExecutor.java:166)
	at org.graalvm.nativeimage.pointsto/com.oracle.graal.pointsto.util.CompletionExecutor.lambda$executeService$0(CompletionExecutor.java:152)
	at java.base/java.util.concurrent.ForkJoinTask$RunnableExecuteAction.compute(ForkJoinTask.java:1726)
	at java.base/java.util.concurrent.ForkJoinTask$RunnableExecuteAction.compute(ForkJoinTask.java:1717)
	at java.base/java.util.concurrent.ForkJoinTask$InterruptibleTask.exec(ForkJoinTask.java:1641)
	at java.base/java.util.concurrent.ForkJoinTask.doExec(ForkJoinTask.java:507)
	at java.base/java.util.concurrent.ForkJoinPool$WorkQueue.topLevelExec(ForkJoinPool.java:1458)
	at java.base/java.util.concurrent.ForkJoinPool.runWorker(ForkJoinPool.java:2034)
	at java.base/java.util.concurrent.ForkJoinWorkerThread.run(ForkJoinWorkerThread.java:189)
Internal exception: com.oracle.svm.core.util.UserError$UserException: Class initialization of org.apache.fop.fonts.cff.CFFDataReader failed. This error is reported at image build time because class org.apache.fop.fonts.cff.CFFDataReader is registered for linking at image build time by command line and command line. Use the option 

    '--initialize-at-run-time=org.apache.fop.fonts.cff.CFFDataReader'

 to explicitly request initialization of this class at run time.
	at org.graalvm.nativeimage.builder/com.oracle.svm.core.util.UserError.abort(UserError.java:97)
	at org.graalvm.nativeimage.builder/com.oracle.svm.hosted.classinitialization.ClassInitializationSupport.ensureClassInitialized(ClassInitializationSupport.java:204)
	at org.graalvm.nativeimage.builder/com.oracle.svm.hosted.classinitialization.ClassInitializationSupport.computeInitKindAndMaybeInitializeClass(ClassInitializationSupport.java:428)
	at org.graalvm.nativeimage.builder/com.oracle.svm.hosted.classinitialization.ClassInitializationSupport.computeInitKindAndMaybeInitializeClass(ClassInitializationSupport.java:366)
	at org.graalvm.nativeimage.builder/com.oracle.svm.hosted.classinitialization.ClassInitializationSupport.maybeInitializeAtBuildTime(ClassInitializationSupport.java:178)
	at org.graalvm.nativeimage.builder/com.oracle.svm.hosted.classinitialization.ClassInitializationSupport.maybeInitializeAtBuildTime(ClassInitializationSupport.java:167)
	at org.graalvm.nativeimage.builder/com.oracle.svm.hosted.SVMHost.isInitialized(SVMHost.java:378)
	at org.graalvm.nativeimage.pointsto/com.oracle.graal.pointsto.meta.AnalysisType.isInitialized(AnalysisType.java:926)
	at jdk.graal.compiler/jdk.graal.compiler.java.BytecodeParser.maybeEagerlyInitialize(BytecodeParser.java:4736)
	at jdk.graal.compiler/jdk.graal.compiler.java.BytecodeParser.genNewInstance(BytecodeParser.java:4939)
	at jdk.graal.compiler/jdk.graal.compiler.java.BytecodeParser.genNewInstance(BytecodeParser.java:4928)
	at jdk.graal.compiler/jdk.graal.compiler.java.BytecodeParser.genNewInstance(BytecodeParser.java:4923)
	at jdk.graal.compiler/jdk.graal.compiler.java.BytecodeParser.processBytecode(BytecodeParser.java:5781)
	at jdk.graal.compiler/jdk.graal.compiler.java.BytecodeParser.iterateBytecodesForBlock(BytecodeParser.java:3737)
	at org.graalvm.nativeimage.builder/com.oracle.svm.hosted.phases.SharedGraphBuilderPhase$SharedBytecodeParser.iterateBytecodesForBlock(SharedGraphBuilderPhase.java:951)
	at jdk.graal.compiler/jdk.graal.compiler.java.BytecodeParser.handleBytecodeBlock(BytecodeParser.java:3697)
	at jdk.graal.compiler/jdk.graal.compiler.java.BytecodeParser.processBlock(BytecodeParser.java:3544)
	at jdk.graal.compiler/jdk.graal.compiler.java.BytecodeParser.build(BytecodeParser.java:1163)
	at org.graalvm.nativeimage.builder/com.oracle.svm.hosted.phases.SharedGraphBuilderPhase$SharedBytecodeParser.build(SharedGraphBuilderPhase.java:205)
	at jdk.graal.compiler/jdk.graal.compiler.java.BytecodeParser.buildRootMethod(BytecodeParser.java:1055)
	at jdk.graal.compiler/jdk.graal.compiler.java.GraphBuilderPhase$Instance.run(GraphBuilderPhase.java:103)
	at org.graalvm.nativeimage.builder/com.oracle.svm.hosted.phases.SharedGraphBuilderPhase.run(SharedGraphBuilderPhase.java:157)
	at jdk.graal.compiler/jdk.graal.compiler.phases.Phase.run(Phase.java:49)
	at jdk.graal.compiler/jdk.graal.compiler.phases.BasePhase.apply(BasePhase.java:468)
	at jdk.graal.compiler/jdk.graal.compiler.phases.Phase.apply(Phase.java:42)
	at jdk.graal.compiler/jdk.graal.compiler.phases.Phase.apply(Phase.java:38)
	at org.graalvm.nativeimage.pointsto/com.oracle.graal.pointsto.flow.AnalysisParsedGraph.parseBytecode(AnalysisParsedGraph.java:144)
	at org.graalvm.nativeimage.pointsto/com.oracle.graal.pointsto.meta.AnalysisMethod.parseGraph(AnalysisMethod.java:916)
	at org.graalvm.nativeimage.pointsto/com.oracle.graal.pointsto.meta.AnalysisMethod.ensureGraphParsedHelper(AnalysisMethod.java:881)
	at org.graalvm.nativeimage.pointsto/com.oracle.graal.pointsto.meta.AnalysisMethod.ensureGraphParsed(AnalysisMethod.java:864)
	at org.graalvm.nativeimage.pointsto/com.oracle.graal.pointsto.flow.MethodTypeFlowBuilder.parse(MethodTypeFlowBuilder.java:191)
	at org.graalvm.nativeimage.pointsto/com.oracle.graal.pointsto.flow.MethodTypeFlowBuilder.apply(MethodTypeFlowBuilder.java:652)
	at org.graalvm.nativeimage.pointsto/com.oracle.graal.pointsto.flow.MethodTypeFlow.createFlowsGraph(MethodTypeFlow.java:167)
	at org.graalvm.nativeimage.pointsto/com.oracle.graal.pointsto.flow.MethodTypeFlow.ensureFlowsGraphCreated(MethodTypeFlow.java:152)
	at org.graalvm.nativeimage.pointsto/com.oracle.graal.pointsto.flow.MethodTypeFlow.getOrCreateMethodFlowsGraphInfo(MethodTypeFlow.java:110)
	at org.graalvm.nativeimage.pointsto/com.oracle.graal.pointsto.typestate.DefaultVirtualInvokeTypeFlow.onObservedUpdate(DefaultVirtualInvokeTypeFlow.java:114)
	at org.graalvm.nativeimage.pointsto/com.oracle.graal.pointsto.flow.TypeFlow.update(TypeFlow.java:628)
	at org.graalvm.nativeimage.pointsto/com.oracle.graal.pointsto.PointsToAnalysis$1.run(PointsToAnalysis.java:575)
	at org.graalvm.nativeimage.pointsto/com.oracle.graal.pointsto.util.CompletionExecutor.executeCommand(CompletionExecutor.java:166)
	at org.graalvm.nativeimage.pointsto/com.oracle.graal.pointsto.util.CompletionExecutor.lambda$executeService$0(CompletionExecutor.java:152)
	at java.base/java.util.concurrent.ForkJoinTask$RunnableExecuteAction.compute(ForkJoinTask.java:1726)
	at java.base/java.util.concurrent.ForkJoinTask$RunnableExecuteAction.compute(ForkJoinTask.java:1717)
	at java.base/java.util.concurrent.ForkJoinTask$InterruptibleTask.exec(ForkJoinTask.java:1641)
	at java.base/java.util.concurrent.ForkJoinTask.doExec(ForkJoinTask.java:507)
	at java.base/java.util.concurrent.ForkJoinPool$WorkQueue.topLevelExec(ForkJoinPool.java:1458)
	at java.base/java.util.concurrent.ForkJoinPool.runWorker(ForkJoinPool.java:2034)
	at java.base/java.util.concurrent.ForkJoinWorkerThread.run(ForkJoinWorkerThread.java:189)
Caused by: java.lang.NoClassDefFoundError: org/apache/fontbox/cff/CFFDataInput
	at java.base/jdk.internal.misc.Unsafe.ensureClassInitialized0(Native Method)
	at java.base/jdk.internal.misc.Unsafe.ensureClassInitialized(Unsafe.java:1161)
	at org.graalvm.nativeimage.builder/com.oracle.svm.hosted.classinitialization.ClassInitializationSupport.ensureClassInitialized(ClassInitializationSupport.java:194)
	... 45 more
Caused by: java.lang.ClassNotFoundException: org.apache.fontbox.cff.CFFDataInput
	at java.base/jdk.internal.loader.BuiltinClassLoader.loadClass(BuiltinClassLoader.java:641)
	at java.base/jdk.internal.loader.ClassLoaders$AppClassLoader.loadClass(ClassLoaders.java:188)
	at java.base/java.lang.ClassLoader.loadClass(ClassLoader.java:528)
	at org.graalvm.nativeimage.builder/com.oracle.svm.hosted.NativeImageClassLoader.loadClass(NativeImageClassLoader.java:637)
	at java.base/java.lang.ClassLoader.loadClass(ClassLoader.java:528)
	... 48 more
------------------------------------------------------------------------------------------------------------------------
                        2.1s (6.6% of total time) in 262 GCs | Peak RSS: 2.47GB | CPU load: 5.29
========================================================================================================================
Failed generating 'camel-quarkus-examples-rest-json-3.16.0-runner' after 31.3s.
[INFO] ------------------------------------------------------------------------
[INFO] BUILD FAILURE
[INFO] ------------------------------------------------------------------------
[INFO] Total time:  43.758 s
[INFO] Finished at: 2024-11-06T10:45:19+01:00
[INFO] ------------------------------------------------------------------------
[ERROR] Failed to execute goal io.quarkus.platform:quarkus-maven-plugin:3.16.1:build (build) on project camel-quarkus-examples-rest-json: Failed to build quarkus application: io.quarkus.builder.BuildException: Build failure: Build failed due to errors
[ERROR] 	[error]: Build step io.quarkus.deployment.pkg.steps.NativeImageBuildStep#build threw an exception: io.quarkus.deployment.pkg.steps.NativeImageBuildStep$ImageGenerationFailureException: Image generation failed. Exit code: 1
[ERROR] 	at io.quarkus.deployment.pkg.steps.NativeImageBuildStep.imageGenerationFailed(NativeImageBuildStep.java:487)
[ERROR] 	at io.quarkus.deployment.pkg.steps.NativeImageBuildStep.build(NativeImageBuildStep.java:278)
[ERROR] 	at java.base/java.lang.invoke.MethodHandle.invokeWithArguments(MethodHandle.java:733)
[ERROR] 	at io.quarkus.deployment.ExtensionLoader$3.execute(ExtensionLoader.java:856)
[ERROR] 	at io.quarkus.builder.BuildContext.run(BuildContext.java:256)
[ERROR] 	at org.jboss.threads.ContextHandler$1.runWith(ContextHandler.java:18)
[ERROR] 	at org.jboss.threads.EnhancedQueueExecutor$Task.doRunWith(EnhancedQueueExecutor.java:2675)
[ERROR] 	at org.jboss.threads.EnhancedQueueExecutor$Task.run(EnhancedQueueExecutor.java:2654)
[ERROR] 	at org.jboss.threads.EnhancedQueueExecutor.runThreadBody(EnhancedQueueExecutor.java:1627)
[ERROR] 	at org.jboss.threads.EnhancedQueueExecutor$ThreadBody.run(EnhancedQueueExecutor.java:1594)
[ERROR] 	at java.base/java.lang.Thread.run(Thread.java:1575)
[ERROR] 	at org.jboss.threads.JBossThread.run(JBossThread.java:499)
[ERROR] -> [Help 1]
[ERROR] 
[ERROR] To see the full stack trace of the errors, re-run Maven with the -e switch.
[ERROR] Re-run Maven using the -X switch to enable full debug logging.
[ERROR] 
[ERROR] For more information about the errors and possible solutions, please read the following articles:
[ERROR] [Help 1] http://cwiki.apache.org/confluence/display/MAVEN/MojoExecutionException
